# JRE version: OpenJDK Runtime Environment (21.0.5) (build 21.0.5+-12932927-b750.29)
# Java VM: OpenJDK 64-Bit Server VM (21.0.5+-12932927-b750.29, mixed mode, tiered, compressed oops, compressed class ptrs, g1 gc, windows-amd64)
GC Precious Log:
 CardTable entry size: 512
 Card Set container configuration: InlinePtr #cards 4 size 8 Array Of Cards #cards 16 size 48 Howl #buckets 8 coarsen threshold 3686 Howl Bitmap #cards 512 size 80 coarsen threshold 460 Card regions per heap region 1 cards per card region 4096
 CPUs: 12 total, 12 available
 Memory: 16088M
 Large Page Support: Disabled
 NUMA Support: Disabled
 Compressed Oops: Enabled (Zero based)
 Heap Region Size: 2M
 Heap Min Capacity: 8M
 Heap Initial Capacity: 252M
 Heap Max Capacity: 4024M
 Pre-touch: Disabled
 Parallel Workers: 10
 Concurrent Workers: 3
 Concurrent Refinement Workers: 10
 Periodic GC: Disabled
Heap:
 garbage-first heap   total 186368K, used 142368K [0x0000000704800000, 0x0000000800000000)
  region size 2048K, 36 young (73728K), 5 survivors (10240K)
 Metaspace       used 69573K, committed 69952K, reserved 1114112K
  class space    used 7395K, committed 7552K, reserved 1048576K
GC Heap History (20 events):
Event: 0.660 GC heap before
{Heap before GC invocations=3 (full 0):
 garbage-first heap   total 34816K, used 33019K [0x0000000704800000, 0x0000000800000000)
  region size 2048K, 15 young (30720K), 3 survivors (6144K)
 Metaspace       used 25180K, committed 25408K, reserved 1114112K
  class space    used 2653K, committed 2752K, reserved 1048576K
}
Event: 0.667 GC heap after
{Heap after GC invocations=4 (full 0):
 garbage-first heap   total 47104K, used 15773K [0x0000000704800000, 0x0000000800000000)
  region size 2048K, 6 young (12288K), 6 survivors (12288K)
 Metaspace       used 25180K, committed 25408K, reserved 1114112K
  class space    used 2653K, committed 2752K, reserved 1048576K
}
Event: 0.790 GC heap before
{Heap before GC invocations=4 (full 0):
 garbage-first heap   total 47104K, used 30109K [0x0000000704800000, 0x0000000800000000)
  region size 2048K, 13 young (26624K), 6 survivors (12288K)
 Metaspace       used 28805K, committed 28992K, reserved 1114112K
  class space    used 3044K, committed 3136K, reserved 1048576K
}
Event: 0.798 GC heap after
{Heap after GC invocations=5 (full 0):
 garbage-first heap   total 47104K, used 17309K [0x0000000704800000, 0x0000000800000000)
  region size 2048K, 1 young (2048K), 1 survivors (2048K)
 Metaspace       used 28805K, committed 28992K, reserved 1114112K
  class space    used 3044K, committed 3136K, reserved 1048576K
}
Event: 0.969 GC heap before
{Heap before GC invocations=5 (full 0):
 garbage-first heap   total 47104K, used 35741K [0x0000000704800000, 0x0000000800000000)
  region size 2048K, 10 young (20480K), 1 survivors (2048K)
 Metaspace       used 34125K, committed 34368K, reserved 1114112K
  class space    used 4110K, committed 4224K, reserved 1048576K
}
Event: 0.972 GC heap after
{Heap after GC invocations=6 (full 0):
 garbage-first heap   total 47104K, used 18472K [0x0000000704800000, 0x0000000800000000)
  region size 2048K, 2 young (4096K), 2 survivors (4096K)
 Metaspace       used 34125K, committed 34368K, reserved 1114112K
  class space    used 4110K, committed 4224K, reserved 1048576K
}
Event: 1.016 GC heap before
{Heap before GC invocations=6 (full 0):
 garbage-first heap   total 47104K, used 22568K [0x0000000704800000, 0x0000000800000000)
  region size 2048K, 6 young (12288K), 2 survivors (4096K)
 Metaspace       used 35758K, committed 35968K, reserved 1114112K
  class space    used 4280K, committed 4352K, reserved 1048576K
}
Event: 1.019 GC heap after
{Heap after GC invocations=7 (full 0):
 garbage-first heap   total 47104K, used 18617K [0x0000000704800000, 0x0000000800000000)
  region size 2048K, 1 young (2048K), 1 survivors (2048K)
 Metaspace       used 35758K, committed 35968K, reserved 1114112K
  class space    used 4280K, committed 4352K, reserved 1048576K
}
Event: 1.185 GC heap before
{Heap before GC invocations=8 (full 0):
 garbage-first heap   total 47104K, used 35001K [0x0000000704800000, 0x0000000800000000)
  region size 2048K, 10 young (20480K), 1 survivors (2048K)
 Metaspace       used 40470K, committed 40704K, reserved 1114112K
  class space    used 4717K, committed 4800K, reserved 1048576K
}
Event: 1.189 GC heap after
{Heap after GC invocations=9 (full 0):
 garbage-first heap   total 153600K, used 19843K [0x0000000704800000, 0x0000000800000000)
  region size 2048K, 2 young (4096K), 2 survivors (4096K)
 Metaspace       used 40470K, committed 40704K, reserved 1114112K
  class space    used 4717K, committed 4800K, reserved 1048576K
}
Event: 1.863 GC heap before
{Heap before GC invocations=9 (full 0):
 garbage-first heap   total 153600K, used 105859K [0x0000000704800000, 0x0000000800000000)
  region size 2048K, 45 young (92160K), 2 survivors (4096K)
 Metaspace       used 51279K, committed 51648K, reserved 1114112K
  class space    used 5851K, committed 6016K, reserved 1048576K
}
Event: 1.883 GC heap after
{Heap after GC invocations=10 (full 0):
 garbage-first heap   total 153600K, used 38617K [0x0000000704800000, 0x0000000800000000)
  region size 2048K, 6 young (12288K), 6 survivors (12288K)
 Metaspace       used 51279K, committed 51648K, reserved 1114112K
  class space    used 5851K, committed 6016K, reserved 1048576K
}
Event: 3.271 GC heap before
{Heap before GC invocations=10 (full 0):
 garbage-first heap   total 153600K, used 104153K [0x0000000704800000, 0x0000000800000000)
  region size 2048K, 38 young (77824K), 6 survivors (12288K)
 Metaspace       used 57138K, committed 57408K, reserved 1114112K
  class space    used 6342K, committed 6464K, reserved 1048576K
}
Event: 3.295 GC heap after
{Heap after GC invocations=11 (full 0):
 garbage-first heap   total 153600K, used 52165K [0x0000000704800000, 0x0000000800000000)
  region size 2048K, 5 young (10240K), 5 survivors (10240K)
 Metaspace       used 57138K, committed 57408K, reserved 1114112K
  class space    used 6342K, committed 6464K, reserved 1048576K
}
Event: 3.933 GC heap before
{Heap before GC invocations=11 (full 0):
 garbage-first heap   total 153600K, used 111557K [0x0000000704800000, 0x0000000800000000)
  region size 2048K, 34 young (69632K), 5 survivors (10240K)
 Metaspace       used 58890K, committed 59136K, reserved 1114112K
  class space    used 6482K, committed 6592K, reserved 1048576K
}
Event: 3.954 GC heap after
{Heap after GC invocations=12 (full 0):
 garbage-first heap   total 153600K, used 65080K [0x0000000704800000, 0x0000000800000000)
  region size 2048K, 5 young (10240K), 5 survivors (10240K)
 Metaspace       used 58890K, committed 59136K, reserved 1114112K
  class space    used 6482K, committed 6592K, reserved 1048576K
}
Event: 4.027 GC heap before
{Heap before GC invocations=12 (full 0):
 garbage-first heap   total 153600K, used 69176K [0x0000000704800000, 0x0000000800000000)
  region size 2048K, 8 young (16384K), 5 survivors (10240K)
 Metaspace       used 59901K, committed 60160K, reserved 1114112K
  class space    used 6581K, committed 6720K, reserved 1048576K
}
Event: 4.040 GC heap after
{Heap after GC invocations=13 (full 0):
 garbage-first heap   total 186368K, used 67570K [0x0000000704800000, 0x0000000800000000)
  region size 2048K, 1 young (2048K), 1 survivors (2048K)
 Metaspace       used 59901K, committed 60160K, reserved 1114112K
  class space    used 6581K, committed 6720K, reserved 1048576K
}
Event: 5.172 GC heap before
{Heap before GC invocations=14 (full 0):
 garbage-first heap   total 186368K, used 143346K [0x0000000704800000, 0x0000000800000000)
  region size 2048K, 38 young (77824K), 1 survivors (2048K)
 Metaspace       used 64526K, committed 64832K, reserved 1114112K
  class space    used 6965K, committed 7104K, reserved 1048576K
}
Event: 5.188 GC heap after
{Heap after GC invocations=15 (full 0):
 garbage-first heap   total 186368K, used 80928K [0x0000000704800000, 0x0000000800000000)
  region size 2048K, 5 young (10240K), 5 survivors (10240K)
 Metaspace       used 64526K, committed 64832K, reserved 1114112K
  class space    used 6965K, committed 7104K, reserved 1048576K
}

